Using device: cuda
Benchmarking on QuickDraw categories: apple, banana, cat, dog, car
Samples per category: 5000 train, 1000 test.

Loading QuickDraw data from local directory: /content

Benchmarking Models: 100%
 4/4 [11:27<00:00, 182.69s/model]
--- Testing Model: MobileNetV3-Small ---
Processing categories: 100%
 5/5 [00:14<00:00,  3.03s/category]
Loading QuickDraw category: apple from local binary files...
Loading drawings from ./full_binary_apple.bin for category apple...
Loading QuickDraw category: banana from local binary files...
Loading drawings from ./full_binary_banana.bin for category banana...
Loading QuickDraw category: cat from local binary files...
Loading drawings from ./full_binary_cat.bin for category cat...
Loading QuickDraw category: dog from local binary files...
Loading drawings from ./full_binary_dog.bin for category dog...
Loading QuickDraw category: car from local binary files...
Loading drawings from ./full_binary_car.bin for category car...
Extracting training features...
Train features shape: (25000, 576)
Extracting test features...
Test features shape: (5000, 576)
Training Logistic Regression classifier...
QuickDraw Test Accuracy for MobileNetV3-Small: 91.82%
------------------------------

--- Testing Model: ShuffleNetV2_x0_5 ---
Processing categories: 100%
 5/5 [00:13<00:00,  3.03s/category]
Loading QuickDraw category: apple from local binary files...
Loading drawings from ./full_binary_apple.bin for category apple...
Loading QuickDraw category: banana from local binary files...
Loading drawings from ./full_binary_banana.bin for category banana...
Loading QuickDraw category: cat from local binary files...
Loading drawings from ./full_binary_cat.bin for category cat...
Loading QuickDraw category: dog from local binary files...
Loading drawings from ./full_binary_dog.bin for category dog...
Loading QuickDraw category: car from local binary files...
Loading drawings from ./full_binary_car.bin for category car...
Extracting training features...
Train features shape: (25000, 1024)
Extracting test features...
Test features shape: (5000, 1024)
Training Logistic Regression classifier...
QuickDraw Test Accuracy for ShuffleNetV2_x0_5: 90.50%
------------------------------

--- Testing Model: SqueezeNet1_1 ---
Processing categories: 100%
 5/5 [00:14<00:00,  2.93s/category]
Loading QuickDraw category: apple from local binary files...
Loading drawings from ./full_binary_apple.bin for category apple...
Loading QuickDraw category: banana from local binary files...
Loading drawings from ./full_binary_banana.bin for category banana...
Loading QuickDraw category: cat from local binary files...
Loading drawings from ./full_binary_cat.bin for category cat...
Loading QuickDraw category: dog from local binary files...
Loading drawings from ./full_binary_dog.bin for category dog...
Loading QuickDraw category: car from local binary files...
Loading drawings from ./full_binary_car.bin for category car...
Extracting training features...
Train features shape: (25000, 512)
Extracting test features...
Test features shape: (5000, 512)
Training Logistic Regression classifier...
QuickDraw Test Accuracy for SqueezeNet1_1: 88.90%
------------------------------

--- Testing Model: EfficientNet-B0 ---
Processing categories: 100%
 5/5 [00:13<00:00,  3.01s/category]
Loading QuickDraw category: apple from local binary files...
Loading drawings from ./full_binary_apple.bin for category apple...
Loading QuickDraw category: banana from local binary files...
Loading drawings from ./full_binary_banana.bin for category banana...
Loading QuickDraw category: cat from local binary files...
Loading drawings from ./full_binary_cat.bin for category cat...
Loading QuickDraw category: dog from local binary files...
Loading drawings from ./full_binary_dog.bin for category dog...
Loading QuickDraw category: car from local binary files...
Loading drawings from ./full_binary_car.bin for category car...
Extracting training features...
Train features shape: (25000, 1280)
Extracting test features...
Test features shape: (5000, 1280)
Training Logistic Regression classifier...
QuickDraw Test Accuracy for EfficientNet-B0: 91.54%
------------------------------


--- Benchmark Results ---
Model               | Accuracy (%)   | Params (M)   | Acc/Params   | Feat Ext Time (s)   | Train Time (s)  
-----------------------------------------------------------------------------------------------------------
MobileNetV3-Small   | 91.82          | 2.54         | 36.11        | 84.13               | 43.28           
ShuffleNetV2_x0_5   | 90.50          | 1.37         | 66.21        | 81.40               | 77.01           
SqueezeNet1_1       | 88.90          | 1.24         | 71.95        | 90.93               | 37.65           
EfficientNet-B0     | 91.54          | 5.29         | 17.31        | 111.59              | 102.89          